<?xml version="1.1" encoding="UTF-8"?>
<testsuite name="source.CodeBreakerTest" tests="7" failures="0" errors="0" timestamp="2015-11-28T16:13:05" hostname="localhost.localdomain" time="0.011">
  <properties/>
  <testcase name="testJugar4X" classname="source.CodeBreakerTest" time="0.003"/>
  <testcase name="testComprobarRayita4Rayitas" classname="source.CodeBreakerTest" time="0.001"/>
  <testcase name="testCadenaSinBlancos" classname="source.CodeBreakerTest" time="0.0"/>
  <testcase name="testGenerarNumeroSecreto" classname="source.CodeBreakerTest" time="0.0"/>
  <testcase name="testComprobar4X" classname="source.CodeBreakerTest" time="0.0"/>
  <testcase name="testcambiarRayitaPorX2Rayitas2X" classname="source.CodeBreakerTest" time="0.0"/>
  <testcase name="testRandom" classname="source.CodeBreakerTest" time="0.0"/>
  <system-out><![CDATA[]]></system-out>
  <system-err><![CDATA[]]></system-err>
</testsuite>
